  main.cpp
main.cpp(119): warning C4267: 'argument': conversion from 'size_t' to 'GLuint', possible loss of data
main.cpp(243): warning C4018: '<=': signed/unsigned mismatch
main.cpp(246): warning C4018: '<=': signed/unsigned mismatch
main.cpp(256): warning C4018: '<': signed/unsigned mismatch
main.cpp(288): warning C4018: '<=': signed/unsigned mismatch
main.cpp(291): warning C4018: '<=': signed/unsigned mismatch
main.cpp(307): warning C4018: '<': signed/unsigned mismatch
main.cpp(418): warning C4267: 'argument': conversion from 'size_t' to 'GLsizei', possible loss of data
main.cpp(430): warning C4267: 'argument': conversion from 'size_t' to 'GLsizei', possible loss of data
main.cpp(438): warning C4267: 'argument': conversion from 'size_t' to 'GLsizei', possible loss of data
main.cpp(449): warning C4305: 'initializing': truncation from 'double' to 'float'
main.cpp(450): warning C4244: 'initializing': conversion from 'int' to 'float', possible loss of data
main.cpp(450): warning C4244: 'initializing': conversion from 'int' to 'const float', possible loss of data
main.cpp(476): warning C4244: 'initializing': conversion from 'int' to 'float', possible loss of data
main.cpp(477): warning C4244: 'initializing': conversion from 'int' to 'float', possible loss of data
main.cpp(478): warning C4305: 'initializing': truncation from 'double' to 'float'
main.cpp(495): warning C4244: 'argument': conversion from 'time_t' to 'unsigned int', possible loss of data
  Generating code
  45 of 1768 functions ( 2.5%) were compiled, the rest were copied from previous compilation.
    0 functions were new in current compilation
    25 functions had inline decision re-evaluated but remain unchanged
  Finished generating code
  cgg_22nov_t1.vcxproj -> D:\Foldere\OneDrive\Documente\Proiecte\C++\cgg_6dec_t1\cgg_6dec_t1\x64\Release\cgg_22nov_t1.exe
