  main.cpp
c:\users\alex\desktop\unibits\opengl\cgg_22nov_t1(tema4-mss)\cgg_22nov_t1\main.cpp(91): warning C4244: 'argument': conversion from 'GLfloat' to '_Ty', possible loss of data
          with
          [
              _Ty=GLuint
          ]
c:\users\alex\desktop\unibits\opengl\cgg_22nov_t1(tema4-mss)\cgg_22nov_t1\main.cpp(92): warning C4244: 'argument': conversion from 'GLfloat' to '_Ty', possible loss of data
          with
          [
              _Ty=GLuint
          ]
c:\users\alex\desktop\unibits\opengl\cgg_22nov_t1(tema4-mss)\cgg_22nov_t1\main.cpp(93): warning C4244: 'argument': conversion from 'GLfloat' to '_Ty', possible loss of data
          with
          [
              _Ty=GLuint
          ]
c:\users\alex\desktop\unibits\opengl\cgg_22nov_t1(tema4-mss)\cgg_22nov_t1\main.cpp(95): warning C4244: 'argument': conversion from 'GLfloat' to '_Ty', possible loss of data
          with
          [
              _Ty=GLuint
          ]
c:\users\alex\desktop\unibits\opengl\cgg_22nov_t1(tema4-mss)\cgg_22nov_t1\main.cpp(96): warning C4244: 'argument': conversion from 'GLfloat' to '_Ty', possible loss of data
          with
          [
              _Ty=GLuint
          ]
c:\users\alex\desktop\unibits\opengl\cgg_22nov_t1(tema4-mss)\cgg_22nov_t1\main.cpp(97): warning C4244: 'argument': conversion from 'GLfloat' to '_Ty', possible loss of data
          with
          [
              _Ty=GLuint
          ]
c:\users\alex\desktop\unibits\opengl\cgg_22nov_t1(tema4-mss)\cgg_22nov_t1\main.cpp(102): warning C4244: 'argument': conversion from 'time_t' to 'unsigned int', possible loss of data
c:\users\alex\desktop\unibits\opengl\cgg_22nov_t1(tema4-mss)\cgg_22nov_t1\main.cpp(104): warning C4244: 'initializing': conversion from 'float' to 'int', possible loss of data
c:\users\alex\desktop\unibits\opengl\cgg_22nov_t1(tema4-mss)\cgg_22nov_t1\main.cpp(105): warning C4018: '<': signed/unsigned mismatch
c:\users\alex\desktop\unibits\opengl\cgg_22nov_t1(tema4-mss)\cgg_22nov_t1\main.cpp(107): warning C4244: '=': conversion from 'float' to 'int', possible loss of data
c:\users\alex\desktop\unibits\opengl\cgg_22nov_t1(tema4-mss)\cgg_22nov_t1\main.cpp(110): warning C4244: '=': conversion from 'float' to 'int', possible loss of data
c:\users\alex\desktop\unibits\opengl\cgg_22nov_t1(tema4-mss)\cgg_22nov_t1\main.cpp(118): warning C4244: 'argument': conversion from 'time_t' to 'unsigned int', possible loss of data
c:\users\alex\desktop\unibits\opengl\cgg_22nov_t1(tema4-mss)\cgg_22nov_t1\main.cpp(120): warning C4244: 'initializing': conversion from 'float' to 'int', possible loss of data
c:\users\alex\desktop\unibits\opengl\cgg_22nov_t1(tema4-mss)\cgg_22nov_t1\main.cpp(121): warning C4018: '<': signed/unsigned mismatch
c:\users\alex\desktop\unibits\opengl\cgg_22nov_t1(tema4-mss)\cgg_22nov_t1\main.cpp(123): warning C4244: '=': conversion from 'float' to 'int', possible loss of data
c:\users\alex\desktop\unibits\opengl\cgg_22nov_t1(tema4-mss)\cgg_22nov_t1\main.cpp(126): warning C4244: '=': conversion from 'float' to 'int', possible loss of data
c:\users\alex\desktop\unibits\opengl\cgg_22nov_t1(tema4-mss)\cgg_22nov_t1\main.cpp(134): warning C4244: 'argument': conversion from 'time_t' to 'unsigned int', possible loss of data
c:\users\alex\desktop\unibits\opengl\cgg_22nov_t1(tema4-mss)\cgg_22nov_t1\main.cpp(136): warning C4244: 'initializing': conversion from 'float' to 'int', possible loss of data
c:\users\alex\desktop\unibits\opengl\cgg_22nov_t1(tema4-mss)\cgg_22nov_t1\main.cpp(137): warning C4018: '<': signed/unsigned mismatch
c:\users\alex\desktop\unibits\opengl\cgg_22nov_t1(tema4-mss)\cgg_22nov_t1\main.cpp(139): warning C4244: '=': conversion from 'float' to 'int', possible loss of data
c:\users\alex\desktop\unibits\opengl\cgg_22nov_t1(tema4-mss)\cgg_22nov_t1\main.cpp(142): warning C4244: '=': conversion from 'float' to 'int', possible loss of data
c:\users\alex\desktop\unibits\opengl\cgg_22nov_t1(tema4-mss)\cgg_22nov_t1\main.cpp(152): warning C4244: 'argument': conversion from 'time_t' to 'unsigned int', possible loss of data
c:\users\alex\desktop\unibits\opengl\cgg_22nov_t1(tema4-mss)\cgg_22nov_t1\main.cpp(154): warning C4244: 'initializing': conversion from 'float' to 'int', possible loss of data
c:\users\alex\desktop\unibits\opengl\cgg_22nov_t1(tema4-mss)\cgg_22nov_t1\main.cpp(155): warning C4018: '<': signed/unsigned mismatch
c:\users\alex\desktop\unibits\opengl\cgg_22nov_t1(tema4-mss)\cgg_22nov_t1\main.cpp(157): warning C4244: '=': conversion from 'float' to 'int', possible loss of data
c:\users\alex\desktop\unibits\opengl\cgg_22nov_t1(tema4-mss)\cgg_22nov_t1\main.cpp(160): warning C4244: '=': conversion from 'float' to 'int', possible loss of data
c:\users\alex\desktop\unibits\opengl\cgg_22nov_t1(tema4-mss)\cgg_22nov_t1\main.cpp(173): warning C4267: 'argument': conversion from 'size_t' to 'unsigned int', possible loss of data
c:\users\alex\desktop\unibits\opengl\cgg_22nov_t1(tema4-mss)\cgg_22nov_t1\main.cpp(174): warning C4267: 'argument': conversion from 'size_t' to 'unsigned int', possible loss of data
c:\users\alex\desktop\unibits\opengl\cgg_22nov_t1(tema4-mss)\cgg_22nov_t1\main.cpp(175): warning C4267: 'argument': conversion from 'size_t' to 'unsigned int', possible loss of data
c:\users\alex\desktop\unibits\opengl\cgg_22nov_t1(tema4-mss)\cgg_22nov_t1\main.cpp(176): warning C4267: 'argument': conversion from 'size_t' to 'unsigned int', possible loss of data
c:\users\alex\desktop\unibits\opengl\cgg_22nov_t1(tema4-mss)\cgg_22nov_t1\main.cpp(244): warning C4244: '=': conversion from 'float' to 'unsigned int', possible loss of data
c:\users\alex\desktop\unibits\opengl\cgg_22nov_t1(tema4-mss)\cgg_22nov_t1\main.cpp(269): warning C4267: 'argument': conversion from 'size_t' to 'GLsizei', possible loss of data
c:\users\alex\desktop\unibits\opengl\cgg_22nov_t1(tema4-mss)\cgg_22nov_t1\main.cpp(282): warning C4267: 'argument': conversion from 'size_t' to 'GLsizei', possible loss of data
c:\users\alex\desktop\unibits\opengl\cgg_22nov_t1(tema4-mss)\cgg_22nov_t1\main.cpp(300): warning C4267: 'argument': conversion from 'size_t' to 'GLsizei', possible loss of data
c:\users\alex\desktop\unibits\opengl\cgg_22nov_t1(tema4-mss)\cgg_22nov_t1\main.cpp(313): warning C4267: 'argument': conversion from 'size_t' to 'GLsizei', possible loss of data
c:\users\alex\desktop\unibits\opengl\cgg_22nov_t1(tema4-mss)\cgg_22nov_t1\main.cpp(325): warning C4305: 'initializing': truncation from 'double' to 'float'
c:\users\alex\desktop\unibits\opengl\cgg_22nov_t1(tema4-mss)\cgg_22nov_t1\main.cpp(326): warning C4244: 'initializing': conversion from 'int' to 'float', possible loss of data
c:\users\alex\desktop\unibits\opengl\cgg_22nov_t1(tema4-mss)\cgg_22nov_t1\main.cpp(326): warning C4244: 'initializing': conversion from 'int' to 'const float', possible loss of data
c:\users\alex\desktop\unibits\opengl\cgg_22nov_t1(tema4-mss)\cgg_22nov_t1\main.cpp(351): warning C4305: 'initializing': truncation from 'double' to 'float'
c:\users\alex\desktop\unibits\opengl\cgg_22nov_t1(tema4-mss)\cgg_22nov_t1\main.cpp(356): warning C4244: 'initializing': conversion from 'int' to 'float', possible loss of data
c:\users\alex\desktop\unibits\opengl\cgg_22nov_t1(tema4-mss)\cgg_22nov_t1\main.cpp(357): warning C4244: 'initializing': conversion from 'int' to 'float', possible loss of data
  cgg_22nov_t1.vcxproj -> C:\Users\Alex\Desktop\Unibits\OpenGL\cgg_22nov_t1(tema4-MSS)\x64\Debug\cgg_22nov_t1.exe
